Detecting C [-std=c11] compiler features failed to compile with the following output:
Change Dir: C:/Users/James/research/MBZ-Code/mbz/app/.externalNativeBuild/cmake/release/x86_64/CMakeFiles/CMakeTmp

Run Build Command:"C:\Users\James\AppData\Local\Android\Sdk\cmake\3.6.4111459\bin\ninja.exe" "cmTC_aaa2a"
ninja: error: 'C:/Users/James/research/MBZ-Code/mbz/app/.externalNativeBuild/cmake/release/x86_64/CMakeFiles/feature_tests.c', needed by 'CMakeFiles/cmTC_aaa2a.dir/feature_tests.c.o', missing and no known rule to make it



Detecting CXX [-std=c++14] compiler features failed to compile with the following output:
Change Dir: C:/Users/James/research/MBZ-Code/mbz/app/.externalNativeBuild/cmake/release/x86_64/CMakeFiles/CMakeTmp

Run Build Command:"C:\Users\James\AppData\Local\Android\Sdk\cmake\3.6.4111459\bin\ninja.exe" "cmTC_93cec"
ninja: error: 'C:/Users/James/research/MBZ-Code/mbz/app/.externalNativeBuild/cmake/release/x86_64/CMakeFiles/feature_tests.cxx', needed by 'CMakeFiles/cmTC_93cec.dir/feature_tests.cxx.o', missing and no known rule to make it



