Detecting C [-std=c11] compiler features failed to compile with the following output:
Change Dir: C:/Users/James/research/MBZ-Code/mbz/app/.externalNativeBuild/cmake/debug/armeabi-v7a/CMakeFiles/CMakeTmp

Run Build Command:"C:\Users\James\AppData\Local\Android\Sdk\cmake\3.6.4111459\bin\ninja.exe" "cmTC_ef5d4"
ninja: error: 'C:/Users/James/research/MBZ-Code/mbz/app/.externalNativeBuild/cmake/debug/armeabi-v7a/CMakeFiles/feature_tests.c', needed by 'CMakeFiles/cmTC_ef5d4.dir/feature_tests.c.o', missing and no known rule to make it



Detecting CXX [-std=c++14] compiler features failed to compile with the following output:
Change Dir: C:/Users/James/research/MBZ-Code/mbz/app/.externalNativeBuild/cmake/debug/armeabi-v7a/CMakeFiles/CMakeTmp

Run Build Command:"C:\Users\James\AppData\Local\Android\Sdk\cmake\3.6.4111459\bin\ninja.exe" "cmTC_4abde"
ninja: error: 'C:/Users/James/research/MBZ-Code/mbz/app/.externalNativeBuild/cmake/debug/armeabi-v7a/CMakeFiles/feature_tests.cxx', needed by 'CMakeFiles/cmTC_4abde.dir/feature_tests.cxx.o', missing and no known rule to make it



