Detecting C [-std=c11] compiler features failed to compile with the following output:
Change Dir: C:/Users/James/research/MBZ-Code/mbz/app/.externalNativeBuild/cmake/debug/arm64-v8a/CMakeFiles/CMakeTmp

Run Build Command:"C:\Users\James\AppData\Local\Android\Sdk\cmake\3.6.4111459\bin\ninja.exe" "cmTC_7623b"
ninja: error: 'C:/Users/James/research/MBZ-Code/mbz/app/.externalNativeBuild/cmake/debug/arm64-v8a/CMakeFiles/feature_tests.c', needed by 'CMakeFiles/cmTC_7623b.dir/feature_tests.c.o', missing and no known rule to make it



Detecting CXX [-std=c++14] compiler features failed to compile with the following output:
Change Dir: C:/Users/James/research/MBZ-Code/mbz/app/.externalNativeBuild/cmake/debug/arm64-v8a/CMakeFiles/CMakeTmp

Run Build Command:"C:\Users\James\AppData\Local\Android\Sdk\cmake\3.6.4111459\bin\ninja.exe" "cmTC_3b6b4"
ninja: error: 'C:/Users/James/research/MBZ-Code/mbz/app/.externalNativeBuild/cmake/debug/arm64-v8a/CMakeFiles/feature_tests.cxx', needed by 'CMakeFiles/cmTC_3b6b4.dir/feature_tests.cxx.o', missing and no known rule to make it



